c:\users\ka\desktop\valorant-external-1-master\valorant\x64\release\vc142.pdb
c:\users\ka\desktop\valorant-external-1-master\valorant\x64\release\imgui_widgets.obj
c:\users\ka\desktop\valorant-external-1-master\valorant\x64\release\imgui_tables.obj
c:\users\ka\desktop\valorant-external-1-master\valorant\x64\release\imgui_impl_win32.obj
c:\users\ka\desktop\valorant-external-1-master\valorant\x64\release\imgui_impl_dx9.obj
c:\users\ka\desktop\valorant-external-1-master\valorant\x64\release\imgui_draw.obj
c:\users\ka\desktop\valorant-external-1-master\valorant\x64\release\imgui_demo.obj
c:\users\ka\desktop\valorant-external-1-master\valorant\x64\release\imgui.obj
c:\users\ka\desktop\valorant-external-1-master\valorant\x64\release\vc143.pdb
c:\users\ka\desktop\valorant-external-1-master\x64\release\valorant.exe
c:\users\ka\desktop\valorant-external-1-master\valorant\x64\release\valorant.ipdb
c:\users\ka\desktop\valorant-external-1-master\x64\release\valorant.pdb
c:\users\ka\desktop\valorant-external-1-master\valorant\x64\release\valorant.iobj
c:\users\ka\desktop\valorant-external-1-master\valorant\x64\release\valorant.tlog\cl.command.1.tlog
c:\users\ka\desktop\valorant-external-1-master\valorant\x64\release\valorant.tlog\cl.items.tlog
c:\users\ka\desktop\valorant-external-1-master\valorant\x64\release\valorant.tlog\cl.read.1.tlog
c:\users\ka\desktop\valorant-external-1-master\valorant\x64\release\valorant.tlog\cl.write.1.tlog
c:\users\ka\desktop\valorant-external-1-master\valorant\x64\release\valorant.tlog\link.command.1.tlog
c:\users\ka\desktop\valorant-external-1-master\valorant\x64\release\valorant.tlog\link.read.1.tlog
c:\users\ka\desktop\valorant-external-1-master\valorant\x64\release\valorant.tlog\link.write.1.tlog
